[10-Nov-2023 16:32:32 UTC] PHP Warning:  Undefined variable $qsid in C:\Users\tramb\Local Sites\plantysite\app\public\wp-content\plugins\child-theme-configurator\includes\classes\CSS.php on line 958
[10-Nov-2023 16:32:32 UTC] PHP Warning:  Undefined variable $qsid in C:\Users\tramb\Local Sites\plantysite\app\public\wp-content\plugins\child-theme-configurator\includes\classes\CSS.php on line 960
[10-Nov-2023 16:32:32 UTC] PHP Warning:  Undefined variable $qsid in C:\Users\tramb\Local Sites\plantysite\app\public\wp-content\plugins\child-theme-configurator\includes\classes\CSS.php on line 967
[10-Nov-2023 16:32:32 UTC] PHP Warning:  Undefined variable $qsid in C:\Users\tramb\Local Sites\plantysite\app\public\wp-content\plugins\child-theme-configurator\includes\classes\CSS.php on line 968
[10-Nov-2023 16:32:32 UTC] PHP Warning:  Undefined variable $qsid in C:\Users\tramb\Local Sites\plantysite\app\public\wp-content\plugins\child-theme-configurator\includes\classes\CSS.php on line 971
[11-Nov-2023 09:39:12 UTC] PHP Warning:  Undefined variable $qsid in C:\Users\tramb\Local Sites\plantysite\app\public\wp-content\plugins\child-theme-configurator\includes\classes\CSS.php on line 958
[11-Nov-2023 09:39:12 UTC] PHP Warning:  Undefined variable $qsid in C:\Users\tramb\Local Sites\plantysite\app\public\wp-content\plugins\child-theme-configurator\includes\classes\CSS.php on line 960
[11-Nov-2023 09:39:12 UTC] PHP Warning:  Undefined variable $qsid in C:\Users\tramb\Local Sites\plantysite\app\public\wp-content\plugins\child-theme-configurator\includes\classes\CSS.php on line 967
[11-Nov-2023 09:39:12 UTC] PHP Warning:  Undefined variable $qsid in C:\Users\tramb\Local Sites\plantysite\app\public\wp-content\plugins\child-theme-configurator\includes\classes\CSS.php on line 968
[11-Nov-2023 09:39:12 UTC] PHP Warning:  Undefined variable $qsid in C:\Users\tramb\Local Sites\plantysite\app\public\wp-content\plugins\child-theme-configurator\includes\classes\CSS.php on line 971
[17-Nov-2023 11:22:14 UTC] PHP Warning:  Unknown: Failed to open stream: No such file or directory in Unknown on line 0
[17-Nov-2023 11:22:14 UTC] PHP Fatal error:  Failed opening required 'C:/Users/tramb/AppData/Local/Programs/Local/resources/extraResources/local-bootstrap.php' (include_path='.:/usr/share/php:/www/wp-content/pear') in Unknown on line 0
[17-Nov-2023 11:22:15 UTC] PHP Warning:  Unknown: Failed to open stream: No such file or directory in Unknown on line 0
[17-Nov-2023 11:22:15 UTC] PHP Fatal error:  Failed opening required 'C:/Users/tramb/AppData/Local/Programs/Local/resources/extraResources/local-bootstrap.php' (include_path='.:/usr/share/php:/www/wp-content/pear') in Unknown on line 0
[17-Nov-2023 14:22:31 UTC] PHP Warning:  Undefined variable $qsid in C:\Users\tramb\Local Sites\plantysite\app\public\wp-content\plugins\child-theme-configurator\includes\classes\CSS.php on line 958
[17-Nov-2023 14:22:31 UTC] PHP Warning:  Undefined variable $qsid in C:\Users\tramb\Local Sites\plantysite\app\public\wp-content\plugins\child-theme-configurator\includes\classes\CSS.php on line 960
[17-Nov-2023 14:22:31 UTC] PHP Warning:  Undefined variable $qsid in C:\Users\tramb\Local Sites\plantysite\app\public\wp-content\plugins\child-theme-configurator\includes\classes\CSS.php on line 967
[17-Nov-2023 14:22:31 UTC] PHP Warning:  Undefined variable $qsid in C:\Users\tramb\Local Sites\plantysite\app\public\wp-content\plugins\child-theme-configurator\includes\classes\CSS.php on line 968
[17-Nov-2023 14:22:31 UTC] PHP Warning:  Undefined variable $qsid in C:\Users\tramb\Local Sites\plantysite\app\public\wp-content\plugins\child-theme-configurator\includes\classes\CSS.php on line 971
[20-Nov-2023 09:58:36 UTC] PHP Parse error:  syntax error, unexpected token "<", expecting end of file in C:\Users\tramb\Local Sites\plantysite\app\public\wp-content\themes\blankslate\index.php on line 2
[20-Nov-2023 10:00:57 UTC] PHP Parse error:  syntax error, unexpected token "<", expecting end of file in C:\Users\tramb\Local Sites\plantysite\app\public\wp-content\themes\blankslate\index.php on line 3
[20-Nov-2023 10:02:43 UTC] PHP Parse error:  syntax error, unexpected token "<", expecting end of file in C:\Users\tramb\Local Sites\plantysite\app\public\wp-content\themes\blankslate\index.php on line 2
[20-Nov-2023 10:38:42 UTC] PHP Parse error:  syntax error, unexpected token "<", expecting end of file in C:\Users\tramb\Local Sites\plantysite\app\public\wp-content\themes\blankslate\index.php on line 37
[20-Nov-2023 10:38:45 UTC] PHP Parse error:  syntax error, unexpected token "<", expecting end of file in C:\Users\tramb\Local Sites\plantysite\app\public\wp-content\themes\blankslate\index.php on line 37
[20-Nov-2023 10:45:28 UTC] PHP Parse error:  syntax error, unexpected token "<", expecting end of file in C:\Users\tramb\Local Sites\plantysite\app\public\wp-content\themes\blankslate\index.php on line 37
[20-Nov-2023 10:48:54 UTC] PHP Parse error:  syntax error, unexpected token "<", expecting end of file in C:\Users\tramb\Local Sites\plantysite\app\public\wp-content\themes\blankslate\index.php on line 37
[20-Nov-2023 10:49:39 UTC] PHP Parse error:  syntax error, unexpected token "<", expecting end of file in C:\Users\tramb\Local Sites\plantysite\app\public\wp-content\themes\blankslate\index.php on line 37
[20-Nov-2023 10:49:41 UTC] PHP Parse error:  syntax error, unexpected token "<", expecting end of file in C:\Users\tramb\Local Sites\plantysite\app\public\wp-content\themes\blankslate\index.php on line 37
[20-Nov-2023 10:53:47 UTC] PHP Parse error:  syntax error, unexpected token "<", expecting end of file in C:\Users\tramb\Local Sites\plantysite\app\public\wp-content\themes\blankslate\index.php on line 38
[20-Nov-2023 10:54:14 UTC] PHP Parse error:  syntax error, unexpected token "<", expecting end of file in C:\Users\tramb\Local Sites\plantysite\app\public\wp-content\themes\blankslate\index.php on line 37
[20-Nov-2023 10:54:16 UTC] PHP Parse error:  syntax error, unexpected token "<", expecting end of file in C:\Users\tramb\Local Sites\plantysite\app\public\wp-content\themes\blankslate\index.php on line 37
[23-Nov-2023 08:16:39 UTC] PHP Warning:  Attempt to read property "month" on null in C:\Users\tramb\Local Sites\plantysite\app\public\wp-content\plugins\gutenberg\lib\compat\wordpress-6.4\script-loader.php on line 38
[23-Nov-2023 08:16:39 UTC] PHP Fatal error:  Uncaught TypeError: array_values(): Argument #1 ($array) must be of type array, null given in C:\Users\tramb\Local Sites\plantysite\app\public\wp-content\plugins\gutenberg\lib\compat\wordpress-6.4\script-loader.php:38
Stack trace:
#0 C:\Users\tramb\Local Sites\plantysite\app\public\wp-content\plugins\gutenberg\lib\compat\wordpress-6.4\script-loader.php(38): array_values(NULL)
#1 C:\Users\tramb\Local Sites\plantysite\app\public\wp-includes\class-wp-hook.php(324): gutenberg_update_wp_date_settings(Object(WP_Scripts))
#2 C:\Users\tramb\Local Sites\plantysite\app\public\wp-includes\class-wp-hook.php(348): WP_Hook->apply_filters(NULL, Array)
#3 C:\Users\tramb\Local Sites\plantysite\app\public\wp-includes\plugin.php(565): WP_Hook->do_action(Array)
#4 C:\Users\tramb\Local Sites\plantysite\app\public\wp-includes\class-wp-scripts.php(166): do_action_ref_array('wp_default_scri...', Array)
#5 C:\Users\tramb\Local Sites\plantysite\app\public\wp-includes\class-wp-scripts.php(149): WP_Scripts->init()
#6 C:\Users\tramb\Local Sites\plantysite\app\public\wp-includes\functions.wp-scripts.php(24): WP_Scripts->__construct()
#7 C:\Users\tramb\Local Sites\plantysite\app\public\wp-includes\functions.wp-scripts.php(446): wp_scripts()
#8 C:\Users\tramb\Local Sites\plantysite\app\public\wp-content\plugins\gutenberg\lib\experimental\interactivity-api\scripts.php(22): wp_script_add_data('wp-interactivit...', 'strategy', 'defer')
#9 C:\Users\tramb\Local Sites\plantysite\app\public\wp-includes\class-wp-hook.php(324): gutenberg_interactivity_move_interactive_scripts_to_the_footer('')
#10 C:\Users\tramb\Local Sites\plantysite\app\public\wp-includes\class-wp-hook.php(348): WP_Hook->apply_filters(NULL, Array)
#11 C:\Users\tramb\Local Sites\plantysite\app\public\wp-includes\plugin.php(517): WP_Hook->do_action(Array)
#12 C:\Users\tramb\Local Sites\plantysite\app\public\wp-includes\script-loader.php(2262): do_action('wp_enqueue_scri...')
#13 C:\Users\tramb\Local Sites\plantysite\app\public\wp-includes\class-wp-customize-manager.php(457): wp_enqueue_scripts()
#14 C:\Users\tramb\Local Sites\plantysite\app\public\wp-includes\class-wp-customize-manager.php(556): WP_Customize_Manager->wp_die(0, 'Non-existent ch...')
#15 C:\Users\tramb\Local Sites\plantysite\app\public\wp-includes\class-wp-hook.php(324): WP_Customize_Manager->setup_theme('')
#16 C:\Users\tramb\Local Sites\plantysite\app\public\wp-includes\class-wp-hook.php(348): WP_Hook->apply_filters(NULL, Array)
#17 C:\Users\tramb\Local Sites\plantysite\app\public\wp-includes\plugin.php(517): WP_Hook->do_action(Array)
#18 C:\Users\tramb\Local Sites\plantysite\app\public\wp-settings.php(575): do_action('setup_theme')
#19 C:\Users\tramb\Local Sites\plantysite\app\public\wp-config.php(103): require_once('C:\\Users\\tramb\\...')
#20 C:\Users\tramb\Local Sites\plantysite\app\public\wp-load.php(50): require_once('C:\\Users\\tramb\\...')
#21 C:\Users\tramb\Local Sites\plantysite\app\public\wp-blog-header.php(13): require_once('C:\\Users\\tramb\\...')
#22 C:\Users\tramb\Local Sites\plantysite\app\public\index.php(17): require('C:\\Users\\tramb\\...')
#23 {main}
  thrown in C:\Users\tramb\Local Sites\plantysite\app\public\wp-content\plugins\gutenberg\lib\compat\wordpress-6.4\script-loader.php on line 38
[23-Nov-2023 14:29:48 UTC] PHP Warning:  Attempt to read property "title" on null in C:\Users\tramb\Local Sites\plantysite\app\public\wp-includes\class-wp-customize-widgets.php on line 905
[23-Nov-2023 14:29:48 UTC] PHP Warning:  Undefined variable $qsid in C:\Users\tramb\Local Sites\plantysite\app\public\wp-content\plugins\child-theme-configurator\includes\classes\CSS.php on line 958
[23-Nov-2023 14:29:48 UTC] PHP Warning:  Undefined variable $qsid in C:\Users\tramb\Local Sites\plantysite\app\public\wp-content\plugins\child-theme-configurator\includes\classes\CSS.php on line 960
[23-Nov-2023 14:29:48 UTC] PHP Warning:  Undefined variable $qsid in C:\Users\tramb\Local Sites\plantysite\app\public\wp-content\plugins\child-theme-configurator\includes\classes\CSS.php on line 967
[23-Nov-2023 14:29:48 UTC] PHP Warning:  Undefined variable $qsid in C:\Users\tramb\Local Sites\plantysite\app\public\wp-content\plugins\child-theme-configurator\includes\classes\CSS.php on line 968
[23-Nov-2023 14:29:48 UTC] PHP Warning:  Undefined variable $qsid in C:\Users\tramb\Local Sites\plantysite\app\public\wp-content\plugins\child-theme-configurator\includes\classes\CSS.php on line 971
[24-Nov-2023 11:35:21 UTC] PHP Warning:  Undefined array key "id" in C:\Users\tramb\Local Sites\plantysite\app\public\wp-content\plugins\elementor\includes\managers\image.php on line 41
[24-Nov-2023 11:35:21 UTC] PHP Warning:  Undefined array key "id" in C:\Users\tramb\Local Sites\plantysite\app\public\wp-content\plugins\elementor\includes\managers\image.php on line 41
[24-Nov-2023 11:35:21 UTC] PHP Warning:  Trying to access array offset on value of type bool in C:\Users\tramb\Local Sites\plantysite\app\public\wp-content\plugins\elementor\includes\managers\image.php on line 113
[24-Nov-2023 11:35:21 UTC] PHP Warning:  Trying to access array offset on value of type bool in C:\Users\tramb\Local Sites\plantysite\app\public\wp-content\plugins\elementor\includes\managers\image.php on line 113
[24-Nov-2023 11:35:21 UTC] PHP Warning:  Trying to access array offset on value of type bool in C:\Users\tramb\Local Sites\plantysite\app\public\wp-content\plugins\elementor\includes\managers\image.php on line 113
[24-Nov-2023 11:35:21 UTC] PHP Warning:  Trying to access array offset on value of type bool in C:\Users\tramb\Local Sites\plantysite\app\public\wp-content\plugins\elementor\includes\managers\image.php on line 113
[24-Nov-2023 11:35:21 UTC] PHP Warning:  Trying to access array offset on value of type bool in C:\Users\tramb\Local Sites\plantysite\app\public\wp-content\plugins\elementor\includes\managers\image.php on line 113
[24-Nov-2023 11:35:21 UTC] PHP Warning:  Trying to access array offset on value of type bool in C:\Users\tramb\Local Sites\plantysite\app\public\wp-content\plugins\elementor\includes\managers\image.php on line 113
[24-Nov-2023 11:35:21 UTC] PHP Warning:  Trying to access array offset on value of type bool in C:\Users\tramb\Local Sites\plantysite\app\public\wp-content\plugins\elementor\includes\managers\image.php on line 113
[24-Nov-2023 11:35:21 UTC] PHP Warning:  Trying to access array offset on value of type bool in C:\Users\tramb\Local Sites\plantysite\app\public\wp-content\plugins\elementor\includes\managers\image.php on line 113
[24-Nov-2023 11:35:21 UTC] PHP Warning:  Undefined array key "id" in C:\Users\tramb\Local Sites\plantysite\app\public\wp-content\plugins\elementor\includes\managers\image.php on line 41
[24-Nov-2023 11:35:21 UTC] PHP Warning:  Undefined array key "id" in C:\Users\tramb\Local Sites\plantysite\app\public\wp-content\plugins\elementor\includes\managers\image.php on line 41
[24-Nov-2023 11:35:21 UTC] PHP Warning:  Trying to access array offset on value of type bool in C:\Users\tramb\Local Sites\plantysite\app\public\wp-content\plugins\elementor\includes\managers\image.php on line 113
[24-Nov-2023 11:35:21 UTC] PHP Warning:  Trying to access array offset on value of type bool in C:\Users\tramb\Local Sites\plantysite\app\public\wp-content\plugins\elementor\includes\managers\image.php on line 113
[24-Nov-2023 11:35:21 UTC] PHP Warning:  Trying to access array offset on value of type bool in C:\Users\tramb\Local Sites\plantysite\app\public\wp-content\plugins\elementor\includes\managers\image.php on line 113
[24-Nov-2023 11:35:21 UTC] PHP Warning:  Trying to access array offset on value of type bool in C:\Users\tramb\Local Sites\plantysite\app\public\wp-content\plugins\elementor\includes\managers\image.php on line 113
[24-Nov-2023 11:35:21 UTC] PHP Warning:  Trying to access array offset on value of type bool in C:\Users\tramb\Local Sites\plantysite\app\public\wp-content\plugins\elementor\includes\managers\image.php on line 113
[24-Nov-2023 11:35:21 UTC] PHP Warning:  Trying to access array offset on value of type bool in C:\Users\tramb\Local Sites\plantysite\app\public\wp-content\plugins\elementor\includes\managers\image.php on line 113
[24-Nov-2023 11:35:21 UTC] PHP Warning:  Trying to access array offset on value of type bool in C:\Users\tramb\Local Sites\plantysite\app\public\wp-content\plugins\elementor\includes\managers\image.php on line 113
[24-Nov-2023 11:35:21 UTC] PHP Warning:  Trying to access array offset on value of type bool in C:\Users\tramb\Local Sites\plantysite\app\public\wp-content\plugins\elementor\includes\managers\image.php on line 113
[21-Dec-2023 07:21:51 UTC] PHP Warning:  Array to string conversion in C:\Users\tramb\Local Sites\plantysite\app\public\wp-includes\functions.php on line 3844
[21-Dec-2023 07:21:54 UTC] PHP Warning:  Array to string conversion in C:\Users\tramb\Local Sites\plantysite\app\public\wp-includes\functions.php on line 3844
[21-Dec-2023 07:22:32 UTC] PHP Warning:  Array to string conversion in C:\Users\tramb\Local Sites\plantysite\app\public\wp-includes\functions.php on line 3844
[21-Dec-2023 07:23:01 UTC] PHP Warning:  Array to string conversion in C:\Users\tramb\Local Sites\plantysite\app\public\wp-includes\functions.php on line 3844
[26-Dec-2023 10:50:42 UTC] PHP Warning:  Array to string conversion in C:\Users\tramb\Local Sites\plantysite\app\public\wp-includes\functions.php on line 3844
[26-Dec-2023 10:54:00 UTC] PHP Warning:  Array to string conversion in C:\Users\tramb\Local Sites\plantysite\app\public\wp-includes\functions.php on line 3844
[26-Dec-2023 11:01:43 UTC] PHP Warning:  Array to string conversion in C:\Users\tramb\Local Sites\plantysite\app\public\wp-includes\functions.php on line 3844
[28-Dec-2023 08:53:45 UTC] PHP Warning:  Array to string conversion in C:\Users\tramb\Local Sites\plantysite\app\public\wp-includes\functions.php on line 3844
[28-Dec-2023 08:55:18 UTC] PHP Warning:  Array to string conversion in C:\Users\tramb\Local Sites\plantysite\app\public\wp-includes\functions.php on line 3844
[28-Dec-2023 08:56:01 UTC] PHP Warning:  Array to string conversion in C:\Users\tramb\Local Sites\plantysite\app\public\wp-includes\functions.php on line 3844
[28-Dec-2023 08:56:48 UTC] PHP Warning:  Array to string conversion in C:\Users\tramb\Local Sites\plantysite\app\public\wp-includes\functions.php on line 3844
[28-Dec-2023 08:57:59 UTC] PHP Warning:  Array to string conversion in C:\Users\tramb\Local Sites\plantysite\app\public\wp-includes\functions.php on line 3844
[28-Dec-2023 09:14:29 UTC] PHP Warning:  Array to string conversion in C:\Users\tramb\Local Sites\plantysite\app\public\wp-includes\functions.php on line 3844
[23-Jan-2024 13:30:31 UTC] PHP Fatal error:  Uncaught TypeError: count(): Argument #1 ($value) must be of type Countable|array, string given in C:\Users\tramb\Local Sites\plantysite\app\public\wp-content\themes\blankslate-child\functions.php:37
Stack trace:
#0 C:\Users\tramb\Local Sites\plantysite\app\public\wp-includes\class-wp-hook.php(324): ajouter_item_admin_au_menu('<li id="menu-it...', Object(stdClass))
#1 C:\Users\tramb\Local Sites\plantysite\app\public\wp-includes\plugin.php(205): WP_Hook->apply_filters('<li id="menu-it...', Array)
#2 C:\Users\tramb\Local Sites\plantysite\app\public\wp-includes\nav-menu-template.php(267): apply_filters('wp_nav_menu_ite...', '<li id="menu-it...', Object(stdClass))
#3 C:\Users\tramb\Local Sites\plantysite\app\public\wp-content\themes\blankslate-child\header.php(23): wp_nav_menu(Object(stdClass))
#4 C:\Users\tramb\Local Sites\plantysite\app\public\wp-includes\template.php(790): require_once('C:\\Users\\tramb\\...')
#5 C:\Users\tramb\Local Sites\plantysite\app\public\wp-includes\template.php(725): load_template('C:\\Users\\tramb\\...', true, Array)
#6 C:\Users\tramb\Local Sites\plantysite\app\public\wp-content\plugins\header-footer-elementor\themes\default\class-hfe-default-compat.php(63): locate_template(Array, true)
#7 C:\Users\tramb\Local Sites\plantysite\app\public\wp-includes\class-wp-hook.php(326): HFE\Themes\HFE_Default_Compat->override_header(NULL)
#8 C:\Users\tramb\Local Sites\plantysite\app\public\wp-includes\class-wp-hook.php(348): WP_Hook->apply_filters(NULL, Array)
#9 C:\Users\tramb\Local Sites\plantysite\app\public\wp-includes\plugin.php(517): WP_Hook->do_action(Array)
#10 C:\Users\tramb\Local Sites\plantysite\app\public\wp-includes\general-template.php(38): do_action('get_header', NULL, Array)
#11 C:\Users\tramb\Local Sites\plantysite\app\public\wp-content\themes\blankslate\page.php(1): get_header()
#12 C:\Users\tramb\Local Sites\plantysite\app\public\wp-includes\template-loader.php(106): include('C:\\Users\\tramb\\...')
#13 C:\Users\tramb\Local Sites\plantysite\app\public\wp-blog-header.php(19): require_once('C:\\Users\\tramb\\...')
#14 C:\Users\tramb\Local Sites\plantysite\app\public\index.php(17): require('C:\\Users\\tramb\\...')
#15 {main}
  thrown in C:\Users\tramb\Local Sites\plantysite\app\public\wp-content\themes\blankslate-child\functions.php on line 37
[23-Jan-2024 13:38:33 UTC] PHP Fatal error:  Uncaught TypeError: call_user_func_array(): Argument #1 ($callback) must be a valid callback, function "ajouter_item_admin_au_menu" not found or invalid function name in C:\Users\tramb\Local Sites\plantysite\app\public\wp-includes\class-wp-hook.php:324
Stack trace:
#0 C:\Users\tramb\Local Sites\plantysite\app\public\wp-includes\plugin.php(205): WP_Hook->apply_filters('<li id="menu-it...', Array)
#1 C:\Users\tramb\Local Sites\plantysite\app\public\wp-includes\nav-menu-template.php(267): apply_filters('wp_nav_menu_ite...', '<li id="menu-it...', Object(stdClass))
#2 C:\Users\tramb\Local Sites\plantysite\app\public\wp-content\plugins\header-footer-elementor\inc\widgets-manager\widgets\class-navigation-menu.php(1934): wp_nav_menu(Object(stdClass))
#3 C:\Users\tramb\Local Sites\plantysite\app\public\wp-content\plugins\elementor\includes\base\controls-stack.php(2297): HFE\WidgetsManager\Widgets\Navigation_Menu->render()
#4 C:\Users\tramb\Local Sites\plantysite\app\public\wp-content\plugins\elementor\includes\base\widget-base.php(614): Elementor\Controls_Stack->render_by_mode()
#5 C:\Users\tramb\Local Sites\plantysite\app\public\wp-content\plugins\elementor\includes\base\widget-base.php(755): Elementor\Widget_Base->render_content()
#6 C:\Users\tramb\Local Sites\plantysite\app\public\wp-content\plugins\elementor\includes\base\element-base.php(464): Elementor\Widget_Base->print_content()
#7 C:\Users\tramb\Local Sites\plantysite\app\public\wp-content\plugins\elementor\includes\base\element-base.php(1375): Elementor\Element_Base->print_element()
#8 C:\Users\tramb\Local Sites\plantysite\app\public\wp-content\plugins\elementor\includes\base\element-base.php(464): Elementor\Element_Base->print_content()
#9 C:\Users\tramb\Local Sites\plantysite\app\public\wp-content\plugins\elementor\includes\base\element-base.php(1375): Elementor\Element_Base->print_element()
#10 C:\Users\tramb\Local Sites\plantysite\app\public\wp-content\plugins\elementor\includes\base\element-base.php(464): Elementor\Element_Base->print_content()
#11 C:\Users\tramb\Local Sites\plantysite\app\public\wp-content\plugins\elementor\core\base\document.php(1749): Elementor\Element_Base->print_element()
#12 C:\Users\tramb\Local Sites\plantysite\app\public\wp-content\plugins\elementor\core\base\document.php(1144): Elementor\Core\Base\Document->print_elements(Array)
#13 C:\Users\tramb\Local Sites\plantysite\app\public\wp-content\plugins\elementor\includes\frontend.php(1179): Elementor\Core\Base\Document->print_elements_with_wrapper(Array)
#14 C:\Users\tramb\Local Sites\plantysite\app\public\wp-content\plugins\elementor\includes\frontend.php(1247): Elementor\Frontend->get_builder_content('631', false)
#15 C:\Users\tramb\Local Sites\plantysite\app\public\wp-content\plugins\header-footer-elementor\inc\class-header-footer-elementor.php(510): Elementor\Frontend->get_builder_content_for_display('631')
#16 C:\Users\tramb\Local Sites\plantysite\app\public\wp-content\plugins\header-footer-elementor\inc\hfe-functions.php(88): Header_Footer_Elementor::get_header_content()
#17 C:\Users\tramb\Local Sites\plantysite\app\public\wp-includes\class-wp-hook.php(324): hfe_render_header('')
#18 C:\Users\tramb\Local Sites\plantysite\app\public\wp-includes\class-wp-hook.php(348): WP_Hook->apply_filters('', Array)
#19 C:\Users\tramb\Local Sites\plantysite\app\public\wp-includes\plugin.php(517): WP_Hook->do_action(Array)
#20 C:\Users\tramb\Local Sites\plantysite\app\public\wp-content\plugins\header-footer-elementor\themes\default\hfe-header.php(23): do_action('hfe_header')
#21 C:\Users\tramb\Local Sites\plantysite\app\public\wp-content\plugins\header-footer-elementor\themes\default\class-hfe-default-compat.php(57): require('C:\\Users\\tramb\\...')
#22 C:\Users\tramb\Local Sites\plantysite\app\public\wp-includes\class-wp-hook.php(326): HFE\Themes\HFE_Default_Compat->override_header(NULL)
#23 C:\Users\tramb\Local Sites\plantysite\app\public\wp-includes\class-wp-hook.php(348): WP_Hook->apply_filters(NULL, Array)
#24 C:\Users\tramb\Local Sites\plantysite\app\public\wp-includes\plugin.php(517): WP_Hook->do_action(Array)
#25 C:\Users\tramb\Local Sites\plantysite\app\public\wp-includes\general-template.php(38): do_action('get_header', NULL, Array)
#26 C:\Users\tramb\Local Sites\plantysite\app\public\wp-content\themes\blankslate\page.php(1): get_header()
#27 C:\Users\tramb\Local Sites\plantysite\app\public\wp-includes\template-loader.php(106): include('C:\\Users\\tramb\\...')
#28 C:\Users\tramb\Local Sites\plantysite\app\public\wp-blog-header.php(19): require_once('C:\\Users\\tramb\\...')
#29 C:\Users\tramb\Local Sites\plantysite\app\public\index.php(17): require('C:\\Users\\tramb\\...')
#30 {main}
  thrown in C:\Users\tramb\Local Sites\plantysite\app\public\wp-includes\class-wp-hook.php on line 324
[30-Jan-2024 11:47:05 UTC] PHP Parse error:  syntax error, unexpected double-quote mark in C:\Users\tramb\Local Sites\plantysite\app\public\wp-content\themes\blankslate-child\functions.php on line 38
[30-Jan-2024 11:47:05 UTC] PHP Warning:  Trying to access array offset on value of type bool in C:\Users\tramb\Local Sites\plantysite\app\public\wp-includes\class-wp-recovery-mode-email-service.php on line 367
[30-Jan-2024 11:47:05 UTC] PHP Warning:  Trying to access array offset on value of type bool in C:\Users\tramb\Local Sites\plantysite\app\public\wp-includes\class-wp-recovery-mode-email-service.php on line 368
[06-Feb-2024 08:46:50 UTC] Erreur d’événement de replanification de tâche pour le crochet action_scheduler_run_queue. Code d’erreur : could_not_set. Message d’erreur : La liste des évènements planifiés n’a pas pu être sauvegardée.. Données : {"schedule":"every_minute","args":["WP Cron"],"interval":60}
[06-Feb-2024 10:18:02 UTC] Erreur d’événement de replanification de tâche pour le crochet action_scheduler_run_queue. Code d’erreur : could_not_set. Message d’erreur : La liste des évènements planifiés n’a pas pu être sauvegardée.. Données : {"schedule":"every_minute","args":["WP Cron"],"interval":60}
[06-Feb-2024 10:18:02 UTC] Erreur d’événement de replanification de tâche pour le crochet wp_privacy_delete_old_export_files. Code d’erreur : could_not_set. Message d’erreur : La liste des évènements planifiés n’a pas pu être sauvegardée.. Données : {"schedule":"hourly","args":[],"interval":3600}
[12-Feb-2024 09:21:03 UTC] Erreur d’événement de replanification de tâche pour le crochet action_scheduler_run_queue. Code d’erreur : could_not_set. Message d’erreur : La liste des évènements planifiés n’a pas pu être sauvegardée.. Données : {"schedule":"every_minute","args":["WP Cron"],"interval":60}
[21-Feb-2024 18:21:17 UTC] Erreur d’événement de replanification de tâche pour le crochet action_scheduler_run_queue. Code d’erreur : could_not_set. Message d’erreur : La liste des évènements planifiés n’a pas pu être sauvegardée.. Données : {"schedule":"every_minute","args":["WP Cron"],"interval":60}
[06-Mar-2024 15:08:55 UTC] Erreur d’événement de replanification de tâche pour le crochet action_scheduler_run_queue. Code d’erreur : could_not_set. Message d’erreur : La liste des évènements planifiés n’a pas pu être sauvegardée.. Données : {"schedule":"every_minute","args":["WP Cron"],"interval":60}
[12-Mar-2024 15:06:12 UTC] Erreur d’événement de replanification de tâche pour le crochet action_scheduler_run_queue. Code d’erreur : could_not_set. Message d’erreur : La liste des évènements planifiés n’a pas pu être sauvegardée.. Données : {"schedule":"every_minute","args":["WP Cron"],"interval":60}
[25-Mar-2024 14:42:04 UTC] Erreur d’événement de replanification de tâche pour le crochet action_scheduler_run_queue. Code d’erreur : could_not_set. Message d’erreur : La liste des évènements planifiés n’a pas pu être sauvegardée.. Données : {"schedule":"every_minute","args":["WP Cron"],"interval":60}
[25-Mar-2024 14:42:04 UTC] Erreur d’événement de replanification de tâche pour le crochet wp_privacy_delete_old_export_files. Code d’erreur : could_not_set. Message d’erreur : La liste des évènements planifiés n’a pas pu être sauvegardée.. Données : {"schedule":"hourly","args":[],"interval":3600}
